c:\dev\turanengıne\bın-ınt\opengl4\vc142.pdb
c:\dev\turanengıne\bın-ınt\opengl4\ogl3_rendergraph.obj
c:\dev\turanengıne\bın-ınt\opengl4\ogl3_enums.obj
c:\dev\turanengıne\bın-ınt\opengl4\ımguı_ogl3.obj
c:\dev\turanengıne\bın-ınt\opengl4\ımguı_ımpl_opengl3.obj
c:\dev\turanengıne\bın-ınt\opengl4\ımguı_ımpl_glfw.obj
c:\dev\turanengıne\bın-ınt\opengl4\ogl3_fılesystem.obj
c:\dev\turanengıne\bın-ınt\opengl4\ogl4_rendergraph.obj
c:\dev\turanengıne\bın-ınt\opengl4\ogl4_renderer_core.obj
c:\dev\turanengıne\bın-ınt\opengl4\ogl4_core.obj
c:\dev\turanengıne\bın-ınt\opengl4\ogl4_fılesystem.obj
c:\dev\turanengıne\bın-ınt\opengl4\ogl4_enums.obj
c:\dev\turanengıne\bın-ınt\opengl4\glad.obj
c:\dev\turanengıne\bın-ınt\opengl4\ımguı_ogl4.obj
c:\dev\turanengıne\bın\opengl4\opengl4.dll
c:\dev\turanengıne\bın\opengl4\opengl4.pdb
c:\dev\turanengine\bin\opengl4\opengl4.lib
c:\dev\turanengine\bin\opengl4\opengl4.exp
c:\dev\turanengine\bin-int\opengl4\glad.obj
c:\dev\turanengine\bin-int\opengl4\imgui_impl_glfw.obj
c:\dev\turanengine\bin-int\opengl4\imgui_impl_opengl3.obj
c:\dev\turanengine\bin-int\opengl4\ımguı_ogl3.obj
c:\dev\turanengine\bin-int\opengl4\ımguı_ogl4.obj
c:\dev\turanengine\bin-int\opengl4\ogl3_core.obj
c:\dev\turanengine\bin-int\opengl4\ogl3_enums.obj
c:\dev\turanengine\bin-int\opengl4\ogl3_filesystem.obj
c:\dev\turanengine\bin-int\opengl4\ogl3_renderer_core.obj
c:\dev\turanengine\bin-int\opengl4\ogl3_rendergraph.obj
c:\dev\turanengine\bin-int\opengl4\ogl4_core.obj
c:\dev\turanengine\bin-int\opengl4\ogl4_enums.obj
c:\dev\turanengine\bin-int\opengl4\ogl4_filesystem.obj
c:\dev\turanengine\bin-int\opengl4\ogl4_renderer_core.obj
c:\dev\turanengine\bin-int\opengl4\ogl4_rendergraph.obj
c:\dev\turanengine\bin-int\opengl4\vc142.pdb
c:\dev\turanengine\bin\opengl4\opengl4.pdb
c:\dev\turanengine\bin\opengl4\opengl4.dll
c:\dev\turanengine\bin-int\opengl4\opengl4.tlog\cl.command.1.tlog
c:\dev\turanengine\bin-int\opengl4\opengl4.tlog\cl.read.1.tlog
c:\dev\turanengine\bin-int\opengl4\opengl4.tlog\cl.write.1.tlog
c:\dev\turanengine\bin-int\opengl4\opengl4.tlog\link.command.1.tlog
c:\dev\turanengine\bin-int\opengl4\opengl4.tlog\link.delete.1.tlog
c:\dev\turanengine\bin-int\opengl4\opengl4.tlog\link.read.1.tlog
c:\dev\turanengine\bin-int\opengl4\opengl4.tlog\link.write.1.tlog
c:\dev\turanengine\bin-int\opengl4\opengl4.tlog\opengl4.write.1u.tlog
