c:\dev\turanengıne\bın-ınt\turanedıtor\vc142.pdb
c:\dev\turanengıne\bın-ınt\turanedıtor\texture_loader.obj
c:\dev\turanengıne\bın-ınt\turanedıtor\propertıes_wındow.obj
c:\dev\turanengıne\bın-ınt\turanedıtor\profılıng_wındow.obj
c:\dev\turanengıne\bın-ınt\turanedıtor\maın_wındow.obj
c:\dev\turanengıne\bın-ınt\turanedıtor\materıalınstance_ımport.obj
c:\dev\turanengıne\bın-ınt\turanedıtor\content_browser.obj
c:\dev\turanengıne\bın-ınt\turanedıtor\model_loader.obj
c:\dev\turanengıne\bın-ınt\turanedıtor\materıal_type_loader.obj
c:\dev\turanengıne\bın-ınt\turanedıtor\status_wındow.obj
c:\dev\turanengıne\bın-ınt\turanedıtor\scene_edıtor.obj
c:\dev\turanengıne\bın-ınt\turanedıtor\ımguı_default_wındows.obj
c:\dev\turanengıne\bın-ınt\turanedıtor\edıtor.obj
c:\dev\turanengıne\bın-ınt\turanedıtor\edıtorfılesystem_core.obj
c:\dev\turanengıne\bın-ınt\turanedıtor\gbuffer_drawpass.obj
c:\dev\turanengıne\bın-ınt\turanedıtor\game_rendergraph.obj
c:\dev\turanengıne\bın\turanedıtor\turanedıtor.exe
c:\dev\turanengıne\bın\turanedıtor\turanedıtor.pdb
c:\dev\turanengine\bin\turaneditor\turaneditor.lib
c:\dev\turanengine\bin\turaneditor\turaneditor.exp
c:\dev\turanengine\bin-int\turaneditor\content_browser.obj
c:\dev\turanengine\bin-int\turaneditor\editor.obj
c:\dev\turanengine\bin-int\turaneditor\editorfilesystem_core.obj
c:\dev\turanengine\bin-int\turaneditor\game_rendergraph.obj
c:\dev\turanengine\bin-int\turaneditor\gbuffer_drawpass.obj
c:\dev\turanengine\bin-int\turaneditor\ımguı_default_wındows.obj
c:\dev\turanengine\bin-int\turaneditor\main_window.obj
c:\dev\turanengine\bin-int\turaneditor\materialınstance_ımport.obj
c:\dev\turanengine\bin-int\turaneditor\material_type_loader.obj
c:\dev\turanengine\bin-int\turaneditor\model_loader.obj
c:\dev\turanengine\bin-int\turaneditor\profiling_window.obj
c:\dev\turanengine\bin-int\turaneditor\properties_window.obj
c:\dev\turanengine\bin-int\turaneditor\scene_editor.obj
c:\dev\turanengine\bin-int\turaneditor\status_window.obj
c:\dev\turanengine\bin-int\turaneditor\texture_loader.obj
c:\dev\turanengine\bin-int\turaneditor\vc142.pdb
c:\dev\turanengine\bin\turaneditor\turaneditor.pdb
c:\dev\turanengine\bin\turaneditor\turaneditor.exe
c:\dev\turanengine\bin-int\turaneditor\turaneditor.tlog\cl.command.1.tlog
c:\dev\turanengine\bin-int\turaneditor\turaneditor.tlog\cl.read.1.tlog
c:\dev\turanengine\bin-int\turaneditor\turaneditor.tlog\cl.write.1.tlog
c:\dev\turanengine\bin-int\turaneditor\turaneditor.tlog\link.command.1.tlog
c:\dev\turanengine\bin-int\turaneditor\turaneditor.tlog\link.delete.1.tlog
c:\dev\turanengine\bin-int\turaneditor\turaneditor.tlog\link.read.1.tlog
c:\dev\turanengine\bin-int\turaneditor\turaneditor.tlog\link.write.1.tlog
c:\dev\turanengine\bin-int\turaneditor\turaneditor.tlog\turaneditor.write.1u.tlog
