C:\Program Files (x86)\Microsoft Visual Studio\2019\Community\MSBuild\Microsoft\VC\v160\Microsoft.CppBuild.targets(452,5): warning MSB8004: Intermediate Directory does not end with a trailing slash.  This build instance will add the slash as it is required to allow proper evaluation of the Intermediate Directory.
C:\Program Files (x86)\Microsoft Visual Studio\2019\Community\MSBuild\Microsoft\VC\v160\Microsoft.CppBuild.targets(453,5): warning MSB8004: Output Directory does not end with a trailing slash.  This build instance will add the slash as it is required to allow proper evaluation of the Output Directory.
  Engine_FileSystem.cpp
C:\dev\TuranEngine\TuranAPI\TuranAPI\FileSystem\Resource_Types\Resource_Type.h(16,14): warning C4251: 'TuranAPI::Resource_Type::PATH': class 'TuranAPI::STL::String' needs to have dll-interface to be used by clients of class 'TuranAPI::Resource_Type'
C:\dev\TuranEngine\TuranAPI\TuranAPI\TSTL\TSTL_Core.h(10): message : see declaration of 'TuranAPI::STL::String'
C:\dev\TuranEngine\TuranAPI\TuranAPI\FileSystem\Resource_Types\Resource_Type.h(19,14): warning C4251: 'TuranAPI::Resource_Type::NAME': class 'TuranAPI::STL::String' needs to have dll-interface to be used by clients of class 'TuranAPI::Resource_Type'
C:\dev\TuranEngine\TuranAPI\TuranAPI\TSTL\TSTL_Core.h(10): message : see declaration of 'TuranAPI::STL::String'
C:\dev\TuranEngine\TuranAPI\TuranAPI\Logger\Logger_Core.h(18,27): warning C4251: 'TuranAPI::Logging::Logger::MainLogFile_Path': class 'TuranAPI::STL::String' needs to have dll-interface to be used by clients of class 'TuranAPI::Logging::Logger'
C:\dev\TuranEngine\TuranAPI\TuranAPI\TSTL\TSTL_Core.h(10): message : see declaration of 'TuranAPI::STL::String'
C:\dev\TuranEngine\TuranAPI\TuranAPI\Logger\Logger_Core.h(19,30): warning C4251: 'TuranAPI::Logging::Logger::WarningLogFile_Path': class 'TuranAPI::STL::String' needs to have dll-interface to be used by clients of class 'TuranAPI::Logging::Logger'
C:\dev\TuranEngine\TuranAPI\TuranAPI\TSTL\TSTL_Core.h(10): message : see declaration of 'TuranAPI::STL::String'
C:\dev\TuranEngine\TuranAPI\TuranAPI\Logger\Logger_Core.h(20,28): warning C4251: 'TuranAPI::Logging::Logger::ErrorLogFile_Path': class 'TuranAPI::STL::String' needs to have dll-interface to be used by clients of class 'TuranAPI::Logging::Logger'
C:\dev\TuranEngine\TuranAPI\TuranAPI\TSTL\TSTL_Core.h(10): message : see declaration of 'TuranAPI::STL::String'
C:\dev\TuranEngine\TuranAPI\TuranAPI\Logger\Logger_Core.h(21,31): warning C4251: 'TuranAPI::Logging::Logger::NotCodedLogFile_Path': class 'TuranAPI::STL::String' needs to have dll-interface to be used by clients of class 'TuranAPI::Logging::Logger'
C:\dev\TuranEngine\TuranAPI\TuranAPI\TSTL\TSTL_Core.h(10): message : see declaration of 'TuranAPI::STL::String'
C:\dev\TuranEngine\TuranAPI\TuranAPI\Logger\Logger_Core.h(22,20): warning C4251: 'TuranAPI::Logging::Logger::LOGs': class 'TuranAPI::STL::Vector<TuranAPI::Logging::LOG>' needs to have dll-interface to be used by clients of class 'TuranAPI::Logging::Logger'
C:\dev\TuranEngine\TuranAPI\TuranAPI\Logger\Logger_Core.h(22): message : see declaration of 'TuranAPI::STL::Vector<TuranAPI::Logging::LOG>'
C:\dev\TuranEngine\TuranAPI\TuranAPI\Profiler\Profiler_Core.h(19,14): warning C4251: 'TuranAPI::Profiled_Scope::NAME': class 'TuranAPI::STL::String' needs to have dll-interface to be used by clients of class 'TuranAPI::Profiled_Scope'
C:\dev\TuranEngine\TuranAPI\TuranAPI\TSTL\TSTL_Core.h(10): message : see declaration of 'TuranAPI::STL::String'
C:\dev\TuranEngine\TuranAPI\TuranAPI\Profiler\Profiler_Core.h(31,18): warning C4251: 'TuranAPI::Profiling_Session::FILEPATH': class 'TuranAPI::STL::String' needs to have dll-interface to be used by clients of class 'TuranAPI::Profiling_Session'
C:\dev\TuranEngine\TuranAPI\TuranAPI\TSTL\TSTL_Core.h(10): message : see declaration of 'TuranAPI::STL::String'
C:\dev\TuranEngine\TuranAPI\TuranAPI\TuranAPI_Core.h(16,31): warning C4251: 'TuranAPI::TAPI_Systems::MemoryManager': class 'TuranAPI::MemoryManagement::TMemoryManager' needs to have dll-interface to be used by clients of class 'TuranAPI::TAPI_Systems'
C:\dev\TuranEngine\TuranAPI\TuranAPI\MemoryManager\MemoryManager_Core.h(42): message : see declaration of 'TuranAPI::MemoryManagement::TMemoryManager'
  MemoryManager_Core.cpp
  TSTL_Core.cpp
  Vector.cpp
  TuranEngine.cpp
C:\dev\TuranEngine\TuranAPI\TuranAPI\FileSystem\Resource_Types\Resource_Type.h(16,14): warning C4251: 'TuranAPI::Resource_Type::PATH': class 'TuranAPI::STL::String' needs to have dll-interface to be used by clients of class 'TuranAPI::Resource_Type'
C:\dev\TuranEngine\TuranAPI\TuranAPI\TSTL\TSTL_Core.h(10): message : see declaration of 'TuranAPI::STL::String'
C:\dev\TuranEngine\TuranAPI\TuranAPI\FileSystem\Resource_Types\Resource_Type.h(19,14): warning C4251: 'TuranAPI::Resource_Type::NAME': class 'TuranAPI::STL::String' needs to have dll-interface to be used by clients of class 'TuranAPI::Resource_Type'
C:\dev\TuranEngine\TuranAPI\TuranAPI\TSTL\TSTL_Core.h(10): message : see declaration of 'TuranAPI::STL::String'
C:\dev\TuranEngine\TuranAPI\TuranAPI\Logger\Logger_Core.h(18,27): warning C4251: 'TuranAPI::Logging::Logger::MainLogFile_Path': class 'TuranAPI::STL::String' needs to have dll-interface to be used by clients of class 'TuranAPI::Logging::Logger'
C:\dev\TuranEngine\TuranAPI\TuranAPI\TSTL\TSTL_Core.h(10): message : see declaration of 'TuranAPI::STL::String'
C:\dev\TuranEngine\TuranAPI\TuranAPI\Logger\Logger_Core.h(19,30): warning C4251: 'TuranAPI::Logging::Logger::WarningLogFile_Path': class 'TuranAPI::STL::String' needs to have dll-interface to be used by clients of class 'TuranAPI::Logging::Logger'
C:\dev\TuranEngine\TuranAPI\TuranAPI\TSTL\TSTL_Core.h(10): message : see declaration of 'TuranAPI::STL::String'
C:\dev\TuranEngine\TuranAPI\TuranAPI\Logger\Logger_Core.h(20,28): warning C4251: 'TuranAPI::Logging::Logger::ErrorLogFile_Path': class 'TuranAPI::STL::String' needs to have dll-interface to be used by clients of class 'TuranAPI::Logging::Logger'
C:\dev\TuranEngine\TuranAPI\TuranAPI\TSTL\TSTL_Core.h(10): message : see declaration of 'TuranAPI::STL::String'
C:\dev\TuranEngine\TuranAPI\TuranAPI\Logger\Logger_Core.h(21,31): warning C4251: 'TuranAPI::Logging::Logger::NotCodedLogFile_Path': class 'TuranAPI::STL::String' needs to have dll-interface to be used by clients of class 'TuranAPI::Logging::Logger'
C:\dev\TuranEngine\TuranAPI\TuranAPI\TSTL\TSTL_Core.h(10): message : see declaration of 'TuranAPI::STL::String'
C:\dev\TuranEngine\TuranAPI\TuranAPI\Logger\Logger_Core.h(22,20): warning C4251: 'TuranAPI::Logging::Logger::LOGs': class 'TuranAPI::STL::Vector<TuranAPI::Logging::LOG>' needs to have dll-interface to be used by clients of class 'TuranAPI::Logging::Logger'
C:\dev\TuranEngine\TuranAPI\TuranAPI\Logger\Logger_Core.h(22): message : see declaration of 'TuranAPI::STL::Vector<TuranAPI::Logging::LOG>'
C:\dev\TuranEngine\TuranAPI\TuranAPI\Profiler\Profiler_Core.h(19,14): warning C4251: 'TuranAPI::Profiled_Scope::NAME': class 'TuranAPI::STL::String' needs to have dll-interface to be used by clients of class 'TuranAPI::Profiled_Scope'
C:\dev\TuranEngine\TuranAPI\TuranAPI\TSTL\TSTL_Core.h(10): message : see declaration of 'TuranAPI::STL::String'
C:\dev\TuranEngine\TuranAPI\TuranAPI\Profiler\Profiler_Core.h(31,18): warning C4251: 'TuranAPI::Profiling_Session::FILEPATH': class 'TuranAPI::STL::String' needs to have dll-interface to be used by clients of class 'TuranAPI::Profiling_Session'
C:\dev\TuranEngine\TuranAPI\TuranAPI\TSTL\TSTL_Core.h(10): message : see declaration of 'TuranAPI::STL::String'
C:\dev\TuranEngine\TuranAPI\TuranAPI\TuranAPI_Core.h(16,31): warning C4251: 'TuranAPI::TAPI_Systems::MemoryManager': class 'TuranAPI::MemoryManagement::TMemoryManager' needs to have dll-interface to be used by clients of class 'TuranAPI::TAPI_Systems'
C:\dev\TuranEngine\TuranAPI\TuranAPI\MemoryManager\MemoryManager_Core.h(42): message : see declaration of 'TuranAPI::MemoryManagement::TMemoryManager'
C:\dev\TuranEngine\GFX_API\GFXSource\GFX_Display.h(11,20): warning C4251: 'GFX_API::MONITOR::NAME': class 'TuranAPI::STL::String' needs to have dll-interface to be used by clients of struct 'GFX_API::MONITOR'
C:\dev\TuranEngine\TuranAPI\TuranAPI\TSTL\TSTL_Core.h(10): message : see declaration of 'TuranAPI::STL::String'
C:\dev\TuranEngine\GFX_API\GFXSource\GFX_Display.h(40,21): warning C4251: 'GFX_API::WINDOW::WINDOW_NAME': class 'TuranAPI::STL::String' needs to have dll-interface to be used by clients of struct 'GFX_API::WINDOW'
C:\dev\TuranEngine\TuranAPI\TuranAPI\TSTL\TSTL_Core.h(10): message : see declaration of 'TuranAPI::STL::String'
C:\dev\TuranEngine\GFX_API\GFXSource\GFX_Display.h(66,15): warning C4251: 'GFX_API::GPU::MODEL': class 'TuranAPI::STL::String' needs to have dll-interface to be used by clients of struct 'GFX_API::GPU'
C:\dev\TuranEngine\TuranAPI\TuranAPI\TSTL\TSTL_Core.h(10): message : see declaration of 'TuranAPI::STL::String'
C:\dev\TuranEngine\TuranAPI\TuranAPI\FileSystem\GameObjects\GameComponents\GameComponent.h(9,14): warning C4251: 'TuranAPI::GameComponent::NAME': class 'TuranAPI::STL::String' needs to have dll-interface to be used by clients of class 'TuranAPI::GameComponent'
C:\dev\TuranEngine\TuranAPI\TuranAPI\TSTL\TSTL_Core.h(10): message : see declaration of 'TuranAPI::STL::String'
C:\dev\TuranEngine\TuranAPI\TuranAPI\FileSystem\GameObjects\GameComponents\GameComponent.h(12,16): warning C4251: 'TuranAPI::GameComponent::POSITION': struct 'glm::tvec3<float,glm::packed_highp>' needs to have dll-interface to be used by clients of class 'TuranAPI::GameComponent'
C:\dev\TuranEngine\3rdPartyLibraries\Includes\glm\detail\type_vec.hpp(245): message : see declaration of 'glm::tvec3<float,glm::packed_highp>'
C:\dev\TuranEngine\TuranAPI\TuranAPI\FileSystem\GameObjects\GameComponents\GameComponent.h(12,26): warning C4251: 'TuranAPI::GameComponent::ROTATION': struct 'glm::tvec3<float,glm::packed_highp>' needs to have dll-interface to be used by clients of class 'TuranAPI::GameComponent'
C:\dev\TuranEngine\3rdPartyLibraries\Includes\glm\detail\type_vec.hpp(245): message : see declaration of 'glm::tvec3<float,glm::packed_highp>'
C:\dev\TuranEngine\TuranAPI\TuranAPI\FileSystem\GameObjects\GameComponents\GameComponent.h(12,33): warning C4251: 'TuranAPI::GameComponent::SCALE': struct 'glm::tvec3<float,glm::packed_highp>' needs to have dll-interface to be used by clients of class 'TuranAPI::GameComponent'
C:\dev\TuranEngine\3rdPartyLibraries\Includes\glm\detail\type_vec.hpp(245): message : see declaration of 'glm::tvec3<float,glm::packed_highp>'
C:\dev\TuranEngine\GFX_API\GFXSource\Renderer\GFX_Resource.h(30,28): warning C4251: 'GFX_API::Framebuffer::BOUND_RTs': class 'TuranAPI::STL::Vector<GFX_API::Framebuffer::RT_SLOT>' needs to have dll-interface to be used by clients of struct 'GFX_API::Framebuffer'
C:\dev\TuranEngine\GFX_API\GFXSource\Renderer\GFX_Resource.h(30): message : see declaration of 'TuranAPI::STL::Vector<GFX_API::Framebuffer::RT_SLOT>'
C:\dev\TuranEngine\GFX_API\GFXSource\GFX_FileSystem\Resource_Type\Material_Type_Resource.h(10,23): warning C4251: 'GFX_API::Material_Uniform::VARIABLE_NAME': class 'TuranAPI::STL::String' needs to have dll-interface to be used by clients of struct 'GFX_API::Material_Uniform'
C:\dev\TuranEngine\TuranAPI\TuranAPI\TSTL\TSTL_Core.h(10): message : see declaration of 'TuranAPI::STL::String'
C:\dev\TuranEngine\GFX_API\GFXSource\GFX_FileSystem\Resource_Type\Material_Type_Resource.h(24,21): warning C4251: 'GFX_API::ShaderSource::SOURCE_CODE': class 'TuranAPI::STL::String' needs to have dll-interface to be used by clients of class 'GFX_API::ShaderSource'
C:\dev\TuranEngine\TuranAPI\TuranAPI\TSTL\TSTL_Core.h(10): message : see declaration of 'TuranAPI::STL::String'
C:\dev\TuranEngine\GFX_API\GFXSource\GFX_FileSystem\Resource_Type\Material_Type_Resource.h(42,36): warning C4251: 'GFX_API::Material_Type_Resource::UNIFORMs': class 'TuranAPI::STL::Vector<GFX_API::Material_Uniform>' needs to have dll-interface to be used by clients of class 'GFX_API::Material_Type_Resource'
C:\dev\TuranEngine\GFX_API\GFXSource\GFX_FileSystem\Resource_Type\Material_Type_Resource.h(42): message : see declaration of 'TuranAPI::STL::Vector<GFX_API::Material_Uniform>'
C:\dev\TuranEngine\GFX_API\GFXSource\GFX_FileSystem\Resource_Type\Material_Type_Resource.h(65,40): warning C4251: 'GFX_API::Material_Instance::UNIFORM_LIST': class 'TuranAPI::STL::Vector<GFX_API::Material_Uniform>' needs to have dll-interface to be used by clients of class 'GFX_API::Material_Instance'
C:\dev\TuranEngine\GFX_API\GFXSource\GFX_FileSystem\Resource_Type\Material_Type_Resource.h(42): message : see declaration of 'TuranAPI::STL::Vector<GFX_API::Material_Uniform>'
C:\dev\TuranEngine\GFX_API\GFXSource\Renderer\GFX_RenderGraph.h(24,38): warning C4251: 'GFX_API::DrawPass::DrawCallBuffer': class 'TuranAPI::STL::Vector<unsigned int>' needs to have dll-interface to be used by clients of class 'GFX_API::DrawPass'
C:\dev\TuranEngine\GFX_API\GFXSource\Renderer\GFX_RenderGraph.h(24): message : see declaration of 'TuranAPI::STL::Vector<unsigned int>'
C:\dev\TuranEngine\GFX_API\GFXSource\Renderer\GFX_RenderGraph.h(25,40): warning C4251: 'GFX_API::DrawPass::RenderComponents': class 'TuranAPI::STL::Vector<unsigned int>' needs to have dll-interface to be used by clients of class 'GFX_API::DrawPass'
C:\dev\TuranEngine\GFX_API\GFXSource\Renderer\GFX_RenderGraph.h(24): message : see declaration of 'TuranAPI::STL::Vector<unsigned int>'
C:\dev\TuranEngine\GFX_API\GFXSource\Renderer\GFX_RenderGraph.h(31,14): warning C4251: 'GFX_API::DrawPass::NAME': class 'TuranAPI::STL::String' needs to have dll-interface to be used by clients of class 'GFX_API::DrawPass'
C:\dev\TuranEngine\TuranAPI\TuranAPI\TSTL\TSTL_Core.h(10): message : see declaration of 'TuranAPI::STL::String'
C:\dev\TuranEngine\GFX_API\GFXSource\Renderer\GFX_RenderGraph.h(50,35): warning C4251: 'GFX_API::RenderGraph::RENDER_NODEs': class 'TuranAPI::STL::Vector<GFX_API::RenderNode *>' needs to have dll-interface to be used by clients of class 'GFX_API::RenderGraph'
C:\dev\TuranEngine\GFX_API\GFXSource\Renderer\GFX_RenderGraph.h(50): message : see declaration of 'TuranAPI::STL::Vector<GFX_API::RenderNode *>'
C:\dev\TuranEngine\GFX_API\GFXSource\Renderer\GFX_RenderGraph.h(51,29): warning C4251: 'GFX_API::RenderGraph::DrawCalls': class 'TuranAPI::STL::Vector<GFX_API::DrawCall>' needs to have dll-interface to be used by clients of class 'GFX_API::RenderGraph'
C:\dev\TuranEngine\GFX_API\GFXSource\Renderer\GFX_RenderGraph.h(26): message : see declaration of 'TuranAPI::STL::Vector<GFX_API::DrawCall>'
C:\dev\TuranEngine\GFX_API\GFXSource\Renderer\GFX_RenderGraph.h(52,46): warning C4251: 'GFX_API::RenderGraph::RenderComponents': class 'TuranAPI::STL::Vector<GFX_API::RenderingComponent>' needs to have dll-interface to be used by clients of class 'GFX_API::RenderGraph'
C:\dev\TuranEngine\GFX_API\GFXSource\Renderer\GFX_RenderGraph.h(27): message : see declaration of 'TuranAPI::STL::Vector<GFX_API::RenderingComponent>'
C:\dev\TuranEngine\GFX_API\GFXSource\Renderer\GFX_RenderGraph.h(55,14): warning C4251: 'GFX_API::RenderGraph::NAME': class 'TuranAPI::STL::String' needs to have dll-interface to be used by clients of class 'GFX_API::RenderGraph'
C:\dev\TuranEngine\TuranAPI\TuranAPI\TSTL\TSTL_Core.h(10): message : see declaration of 'TuranAPI::STL::String'
C:\dev\TuranEngine\GFX_API\GFXSource\Renderer\GPU_ContentManager.h(31,23): warning C4251: 'GFX_API::VertexAttribute::AttributeName': class 'TuranAPI::STL::String' needs to have dll-interface to be used by clients of struct 'GFX_API::VertexAttribute'
C:\dev\TuranEngine\TuranAPI\TuranAPI\TSTL\TSTL_Core.h(10): message : see declaration of 'TuranAPI::STL::String'
C:\dev\TuranEngine\GFX_API\GFXSource\Renderer\GPU_ContentManager.h(42,38): warning C4251: 'GFX_API::VertexAttributeLayout::Attributes': class 'TuranAPI::STL::Vector<GFX_API::VertexAttribute *>' needs to have dll-interface to be used by clients of struct 'GFX_API::VertexAttributeLayout'
C:\dev\TuranEngine\GFX_API\GFXSource\Renderer\GPU_ContentManager.h(42): message : see declaration of 'TuranAPI::STL::Vector<GFX_API::VertexAttribute *>'
C:\dev\TuranEngine\GFX_API\GFXSource\Renderer\GPU_ContentManager.h(71,23): warning C4251: 'GFX_API::GPU_ContentManager::MESHID_BITSET': class 'TuranAPI::STL::Bitset' needs to have dll-interface to be used by clients of class 'GFX_API::GPU_ContentManager'
C:\dev\TuranEngine\TuranAPI\TuranAPI\TSTL\Bitset.h(6): message : see declaration of 'TuranAPI::STL::Bitset'
C:\dev\TuranEngine\GFX_API\GFXSource\Renderer\GPU_ContentManager.h(75,21): warning C4251: 'GFX_API::GPU_ContentManager::RTID_BITSET': class 'TuranAPI::STL::Bitset' needs to have dll-interface to be used by clients of class 'GFX_API::GPU_ContentManager'
C:\dev\TuranEngine\TuranAPI\TuranAPI\TSTL\Bitset.h(6): message : see declaration of 'TuranAPI::STL::Bitset'
C:\dev\TuranEngine\GFX_API\GFXSource\Renderer\GPU_ContentManager.h(79,21): warning C4251: 'GFX_API::GPU_ContentManager::FBID_BITSET': class 'TuranAPI::STL::Bitset' needs to have dll-interface to be used by clients of class 'GFX_API::GPU_ContentManager'
C:\dev\TuranEngine\TuranAPI\TuranAPI\TSTL\Bitset.h(6): message : see declaration of 'TuranAPI::STL::Bitset'
C:\dev\TuranEngine\GFX_API\GFXSource\IMGUI\IMGUI_WINDOW.h(10,21): warning C4251: 'GFX_API::IMGUI_WINDOW::Window_Name': class 'TuranAPI::STL::String' needs to have dll-interface to be used by clients of class 'GFX_API::IMGUI_WINDOW'
C:\dev\TuranEngine\TuranAPI\TuranAPI\TSTL\TSTL_Core.h(10): message : see declaration of 'TuranAPI::STL::String'
C:\dev\TuranEngine\GFX_API\GFXSource\IMGUI\IMGUI_WINDOW.h(24,42): warning C4251: 'GFX_API::IMGUI_WindowManager::ALL_IMGUI_WINDOWs': class 'TuranAPI::STL::Vector<GFX_API::IMGUI_WINDOW *>' needs to have dll-interface to be used by clients of class 'GFX_API::IMGUI_WindowManager'
C:\dev\TuranEngine\GFX_API\GFXSource\IMGUI\IMGUI_WINDOW.h(24): message : see declaration of 'TuranAPI::STL::Vector<GFX_API::IMGUI_WINDOW *>'
C:\dev\TuranEngine\GFX_API\GFXSource\IMGUI\IMGUI_WINDOW.h(24,59): warning C4251: 'GFX_API::IMGUI_WindowManager::Windows_toClose': class 'TuranAPI::STL::Vector<GFX_API::IMGUI_WINDOW *>' needs to have dll-interface to be used by clients of class 'GFX_API::IMGUI_WindowManager'
C:\dev\TuranEngine\GFX_API\GFXSource\IMGUI\IMGUI_WINDOW.h(24): message : see declaration of 'TuranAPI::STL::Vector<GFX_API::IMGUI_WINDOW *>'
C:\dev\TuranEngine\GFX_API\GFXSource\IMGUI\IMGUI_WINDOW.h(24,75): warning C4251: 'GFX_API::IMGUI_WindowManager::Windows_toOpen': class 'TuranAPI::STL::Vector<GFX_API::IMGUI_WINDOW *>' needs to have dll-interface to be used by clients of class 'GFX_API::IMGUI_WindowManager'
C:\dev\TuranEngine\GFX_API\GFXSource\IMGUI\IMGUI_WINDOW.h(24): message : see declaration of 'TuranAPI::STL::Vector<GFX_API::IMGUI_WINDOW *>'
C:\dev\TuranEngine\GFX_API\GFXSource\GFX_Core.h(13,27): warning C4251: 'GFX_API::GFX_Core::DEVICE_GPUs': class 'TuranAPI::STL::Vector<GFX_API::GPU *>' needs to have dll-interface to be used by clients of class 'GFX_API::GFX_Core'
C:\dev\TuranEngine\GFX_API\GFXSource\GFX_Core.h(13): message : see declaration of 'TuranAPI::STL::Vector<GFX_API::GPU *>'
C:\dev\TuranEngine\GFX_API\GFXSource\GFX_Core.h(32,38): warning C4251: 'GFX_API::GFX_Core::CONNECTED_Monitors': class 'TuranAPI::STL::Vector<GFX_API::MONITOR *>' needs to have dll-interface to be used by clients of class 'GFX_API::GFX_Core'
C:\dev\TuranEngine\GFX_API\GFXSource\GFX_Core.h(32): message : see declaration of 'TuranAPI::STL::Vector<GFX_API::MONITOR *>'
C:\dev\TuranEngine\TuranEngine\EngineSource\TuranEngine.h(11,33): warning C4251: 'Engine::TuranEngine_Core::ApplicationClose_Reason': class 'TuranAPI::STL::String' needs to have dll-interface to be used by clients of class 'Engine::TuranEngine_Core'
C:\dev\TuranEngine\TuranAPI\TuranAPI\TSTL\TSTL_Core.h(10): message : see declaration of 'TuranAPI::STL::String'
  Generating Code...
C:\dev\TuranEngine\TuranEngine\EngineSource\TuranAPI\TSTL_Core.cpp(79): warning C4715: 'TuranAPI::STL::String::operator=': not all control paths return a value
C:\dev\TuranEngine\TuranEngine\EngineSource\TuranAPI\MemoryManager_Core.cpp(107): warning C4715: 'TuranAPI::MemoryManagement::TAPIMemoryAllocator::Get_MemoryBlockIndex': not all control paths return a value
C:\dev\TuranEngine\TuranEngine\EngineSource\TuranAPI\MemoryManager_Core.cpp(96): warning C4715: 'TuranAPI::MemoryManagement::TAPIMemoryAllocator::Get_MemoryBlockInfo': not all control paths return a value
C:\dev\TuranEngine\TuranEngine\EngineSource\TuranAPI\MemoryManager_Core.cpp(93): warning C4172: returning address of local variable or temporary
     Creating library C:\dev\TuranEngine\bin\TuranEngine\TuranEngine.lib and object C:\dev\TuranEngine\bin\TuranEngine\TuranEngine.exp
  LINK : /LTCG specified but no code generation required; remove /LTCG from the link command line to improve linker performance
  TuranEngine.vcxproj -> C:\dev\TuranEngine\bin\TuranEngine\TuranEngine.dll
  C:\dev\TuranEngine\bin\TuranEngine\TuranEngine.dll
  1 File(s) copied
