c:\dev\turanengıne\bın-ınt\gfx_apı\vc142.pdb
c:\dev\turanengıne\bın-ınt\gfx_apı\gfx_renderer.obj
c:\dev\turanengıne\bın-ınt\gfx_apı\gfx_render_target.obj
c:\dev\turanengıne\bın-ınt\gfx_apı\gfx_fılesystem.obj
c:\dev\turanengıne\bın-ınt\gfx_apı\gfx_core.obj
c:\dev\turanengıne\bın-ınt\gfx_apı\gfx_rendergraph.obj
c:\dev\turanengıne\bın-ınt\gfx_apı\gfx_framebuffer.obj
c:\dev\turanengıne\bın-ınt\gfx_apı\gfx_draw_pass.obj
c:\dev\turanengıne\bın-ınt\gfx_apı\gfxı_mesh_representatıon.obj
c:\dev\turanengıne\bın-ınt\gfx_apı\gfx_wındow.obj
c:\dev\turanengıne\bın-ınt\gfx_apı\gfx_monıtor.obj
c:\dev\turanengıne\bın-ınt\gfx_apı\gbuffer_drawpass.obj
c:\dev\turanengıne\bın-ınt\gfx_apı\gfx_resource.obj
c:\dev\turanengıne\bın-ınt\gfx_apı\gfx_rendercommands.obj
c:\dev\turanengıne\bın-ınt\gfx_apı\gfx_apıcommands.obj
c:\dev\turanengıne\bın-ınt\gfx_apı\gfx_dısplay.obj
c:\dev\turanengıne\bın-ınt\gfx_apı\vector.obj
c:\dev\turanengıne\bın-ınt\gfx_apı\tstl_core.obj
c:\dev\turanengıne\bın-ınt\gfx_apı\memorymanager_core.obj
c:\dev\turanengıne\bın-ınt\gfx_apı\gfx_ıncludes.obj
c:\dev\turanengıne\bın-ınt\gfx_apı\materıal_type_resource.obj
c:\dev\turanengıne\bın-ınt\gfx_apı\statıcmodel_component.obj
c:\dev\turanengıne\bın-ınt\gfx_apı\camera_component.obj
c:\dev\turanengıne\bın-ınt\gfx_apı\gpu_contentmanager.obj
c:\dev\turanengıne\bın-ınt\gfx_apı\gfx_enums.obj
c:\dev\turanengıne\bın-ınt\gfx_apı\texture_resource.obj
c:\dev\turanengıne\bın-ınt\gfx_apı\ımguı_stdlıb.obj
c:\dev\turanengıne\bın-ınt\gfx_apı\ımguı_draw.obj
c:\dev\turanengıne\bın-ınt\gfx_apı\ımguı_demo.obj
c:\dev\turanengıne\bın-ınt\gfx_apı\ımguı_wındow.obj
c:\dev\turanengıne\bın-ınt\gfx_apı\ımguı_core.obj
c:\dev\turanengıne\bın-ınt\gfx_apı\ımguı_wıdgets.obj
c:\dev\turanengıne\bın-ınt\gfx_apı\ımguı.obj
c:\dev\turanengıne\bın-ınt\gfx_apı\bıtset.obj
c:\dev\turanengine\bin\gfx_apı\gfx_apı.lib
c:\dev\turanengine\bin\gfx_apı\gfx_apı.exp
c:\dev\turanengine\bin\gfx_apı\gfx_apı.ipdb
c:\dev\turanengine\bin\gfx_apı\gfx_apı.iobj
c:\dev\turanengıne\bın\gfx_apı\gfx_apı.dll
c:\dev\turanengıne\bın\gfx_apı\gfx_apı.pdb
c:\dev\turanengine\bin-int\gfx_apı\bitset.obj
c:\dev\turanengine\bin-int\gfx_apı\camera_component.obj
c:\dev\turanengine\bin-int\gfx_apı\gbuffer_drawpass.obj
c:\dev\turanengine\bin-int\gfx_apı\gfxı_mesh_representatıon.obj
c:\dev\turanengine\bin-int\gfx_apı\gfx_apıcommands.obj
c:\dev\turanengine\bin-int\gfx_apı\gfx_core.obj
c:\dev\turanengine\bin-int\gfx_apı\gfx_display.obj
c:\dev\turanengine\bin-int\gfx_apı\gfx_draw_pass.obj
c:\dev\turanengine\bin-int\gfx_apı\gfx_enums.obj
c:\dev\turanengine\bin-int\gfx_apı\gfx_filesystem.obj
c:\dev\turanengine\bin-int\gfx_apı\gfx_framebuffer.obj
c:\dev\turanengine\bin-int\gfx_apı\gfx_ıncludes.obj
c:\dev\turanengine\bin-int\gfx_apı\gfx_monitor.obj
c:\dev\turanengine\bin-int\gfx_apı\gfx_rendercommands.obj
c:\dev\turanengine\bin-int\gfx_apı\gfx_renderer.obj
c:\dev\turanengine\bin-int\gfx_apı\gfx_rendergraph.obj
c:\dev\turanengine\bin-int\gfx_apı\gfx_render_target.obj
c:\dev\turanengine\bin-int\gfx_apı\gfx_resource.obj
c:\dev\turanengine\bin-int\gfx_apı\gfx_window.obj
c:\dev\turanengine\bin-int\gfx_apı\gpu_contentmanager.obj
c:\dev\turanengine\bin-int\gfx_apı\imgui.obj
c:\dev\turanengine\bin-int\gfx_apı\ımguı_core.obj
c:\dev\turanengine\bin-int\gfx_apı\imgui_demo.obj
c:\dev\turanengine\bin-int\gfx_apı\imgui_draw.obj
c:\dev\turanengine\bin-int\gfx_apı\imgui_stdlib.obj
c:\dev\turanengine\bin-int\gfx_apı\imgui_widgets.obj
c:\dev\turanengine\bin-int\gfx_apı\ımguı_wındow.obj
c:\dev\turanengine\bin-int\gfx_apı\material_type_resource.obj
c:\dev\turanengine\bin-int\gfx_apı\memorymanager_core.obj
c:\dev\turanengine\bin-int\gfx_apı\staticmodel_component.obj
c:\dev\turanengine\bin-int\gfx_apı\texture_resource.obj
c:\dev\turanengine\bin-int\gfx_apı\tstl_core.obj
c:\dev\turanengine\bin-int\gfx_apı\vector.obj
c:\dev\turanengine\bin-int\gfx_apı\esp2cfc.tmp
c:\dev\turanengine\bin-int\gfx_apı\vc142.pdb
c:\dev\turanengine\bin-int\gfx_apı\gfxı_mesh_representatıon.nativecodeanalysis.xml
c:\dev\turanengine\bin-int\gfx_apı\gfx_draw_pass.nativecodeanalysis.xml
c:\dev\turanengine\bin-int\gfx_apı\gfx_framebuffer.nativecodeanalysis.xml
c:\dev\turanengine\bin-int\gfx_apı\gfx_monitor.nativecodeanalysis.xml
c:\dev\turanengine\bin-int\gfx_apı\gfx_renderer.nativecodeanalysis.xml
c:\dev\turanengine\bin-int\gfx_apı\gfx_rendergraph.nativecodeanalysis.xml
c:\dev\turanengine\bin-int\gfx_apı\gfx_render_target.nativecodeanalysis.xml
c:\dev\turanengine\bin-int\gfx_apı\gfx_window.nativecodeanalysis.xml
c:\dev\turanengine\bin\gfx_apı\gfx_apı.pdb
c:\dev\turanengine\bin\gfx_apı\gfx_apı.dll
c:\dev\turanengine\bin-int\gfx_apı\gfx_apı.tlog\cl.command.1.tlog
c:\dev\turanengine\bin-int\gfx_apı\gfx_apı.tlog\cl.read.1.tlog
c:\dev\turanengine\bin-int\gfx_apı\gfx_apı.tlog\cl.write.1.tlog
c:\dev\turanengine\bin-int\gfx_apı\gfx_apı.tlog\gfx_apı.write.1u.tlog
c:\dev\turanengine\bin-int\gfx_apı\gfx_apı.tlog\link.command.1.tlog
c:\dev\turanengine\bin-int\gfx_apı\gfx_apı.tlog\link.delete.1.tlog
c:\dev\turanengine\bin-int\gfx_apı\gfx_apı.tlog\link.read.1.tlog
c:\dev\turanengine\bin-int\gfx_apı\gfx_apı.tlog\link.write.1.tlog
